<?xml version="1.0" encoding="UTF-8"?>
<robot generator="Robot 3.1.2 (Python 3.7.6 on win32)" generated="20200213 17:45:42.243" rpa="false">
<suite id="s1" name="Cp001" source="C:\Test_jenkins3\Test\cp001.robot">
<test id="s1-t1" name="TC001 Obtener valores de Excel">
<kw name="Abrir setup" library="recursos" type="setup">
<arguments>
<arg>${url}</arg>
<arg>chrome</arg>
</arguments>
<kw name="Abrir navegador" library="recursos">
<arguments>
<arg>${url}</arg>
<arg>${nav}</arg>
</arguments>
<kw name="Open Browser" library="SeleniumLibrary">
<doc>Opens a new browser instance to the optional ``url``.</doc>
<arguments>
<arg>${arg1}</arg>
<arg>${arg2}</arg>
</arguments>
<msg timestamp="20200213 17:45:42.420" level="INFO">Opening browser 'chrome' to base url 'https://thetestingworld.com/'.</msg>
<status status="PASS" starttime="20200213 17:45:42.420" endtime="20200213 17:45:50.811"></status>
</kw>
<status status="PASS" starttime="20200213 17:45:42.420" endtime="20200213 17:45:50.811"></status>
</kw>
<kw name="Maximizar" library="recursos">
<kw name="Maximize Browser Window" library="SeleniumLibrary">
<doc>Maximizes current browser window.</doc>
<status status="PASS" starttime="20200213 17:45:50.811" endtime="20200213 17:45:51.949"></status>
</kw>
<status status="PASS" starttime="20200213 17:45:50.811" endtime="20200213 17:45:51.949"></status>
</kw>
<status status="PASS" starttime="20200213 17:45:42.419" endtime="20200213 17:45:51.949"></status>
</kw>
<kw name="Click" library="recursos">
<arguments>
<arg>//a[contains(@href,'users&amp;view=login&amp;Itemid=587')]</arg>
</arguments>
<kw name="Click Element" library="SeleniumLibrary">
<doc>Click the element identified by ``locator``.</doc>
<arguments>
<arg>xpath=${arg1}</arg>
</arguments>
<msg timestamp="20200213 17:45:51.951" level="INFO">Clicking element 'xpath=//a[contains(@href,'users&amp;view=login&amp;Itemid=587')]'.</msg>
<status status="PASS" starttime="20200213 17:45:51.950" endtime="20200213 17:45:53.667"></status>
</kw>
<status status="PASS" starttime="20200213 17:45:51.950" endtime="20200213 17:45:53.667"></status>
</kw>
<kw name="Click" library="recursos">
<arguments>
<arg>//a[@href='/index.php?option=com_users&amp;view=registration&amp;Itemid=588'][contains(.,'Registration')]</arg>
</arguments>
<kw name="Click Element" library="SeleniumLibrary">
<doc>Click the element identified by ``locator``.</doc>
<arguments>
<arg>xpath=${arg1}</arg>
</arguments>
<msg timestamp="20200213 17:45:53.669" level="INFO">Clicking element 'xpath=//a[@href='/index.php?option=com_users&amp;view=registration&amp;Itemid=588'][contains(.,'Registration')]'.</msg>
<status status="PASS" starttime="20200213 17:45:53.668" endtime="20200213 17:45:58.540"></status>
</kw>
<status status="PASS" starttime="20200213 17:45:53.668" endtime="20200213 17:45:58.540"></status>
</kw>
<kw name="Texto" library="recursos">
<arguments>
<arg>//input[@id='jform_name']</arg>
<arg>rodrigo</arg>
</arguments>
<kw name="Input Text" library="SeleniumLibrary">
<doc>Types the given ``text`` into the text field identified by ``locator``.</doc>
<arguments>
<arg>xpath=${arg1}</arg>
<arg>${arg2}</arg>
</arguments>
<msg timestamp="20200213 17:45:58.541" level="INFO">Typing text 'rodrigo' into text field 'xpath=//input[@id='jform_name']'.</msg>
<status status="PASS" starttime="20200213 17:45:58.541" endtime="20200213 17:45:58.647"></status>
</kw>
<status status="PASS" starttime="20200213 17:45:58.540" endtime="20200213 17:45:58.647"></status>
</kw>
<kw name="Texto" library="recursos">
<arguments>
<arg>//input[@id='jform_username']</arg>
<arg>Rvn</arg>
</arguments>
<kw name="Input Text" library="SeleniumLibrary">
<doc>Types the given ``text`` into the text field identified by ``locator``.</doc>
<arguments>
<arg>xpath=${arg1}</arg>
<arg>${arg2}</arg>
</arguments>
<msg timestamp="20200213 17:45:58.648" level="INFO">Typing text 'Rvn' into text field 'xpath=//input[@id='jform_username']'.</msg>
<status status="PASS" starttime="20200213 17:45:58.647" endtime="20200213 17:45:58.731"></status>
</kw>
<status status="PASS" starttime="20200213 17:45:58.647" endtime="20200213 17:45:58.731"></status>
</kw>
<kw name="Texto" library="recursos">
<arguments>
<arg>//input[@id='jform_password1']</arg>
<arg>demodelpassword</arg>
</arguments>
<kw name="Input Text" library="SeleniumLibrary">
<doc>Types the given ``text`` into the text field identified by ``locator``.</doc>
<arguments>
<arg>xpath=${arg1}</arg>
<arg>${arg2}</arg>
</arguments>
<msg timestamp="20200213 17:45:58.732" level="INFO">Typing text 'demodelpassword' into text field 'xpath=//input[@id='jform_password1']'.</msg>
<status status="PASS" starttime="20200213 17:45:58.731" endtime="20200213 17:45:58.846"></status>
</kw>
<status status="PASS" starttime="20200213 17:45:58.731" endtime="20200213 17:45:58.846"></status>
</kw>
<kw name="Cerrar setup" library="recursos" type="teardown">
<kw name="Cerrar Todos" library="recursos">
<kw name="Dormir" library="recursos">
<arguments>
<arg>.5</arg>
</arguments>
<kw name="Sleep" library="BuiltIn">
<doc>Pauses the test executed for the given time.</doc>
<arguments>
<arg>${arg1}</arg>
</arguments>
<msg timestamp="20200213 17:45:59.347" level="INFO">Slept 500 milliseconds</msg>
<status status="PASS" starttime="20200213 17:45:58.847" endtime="20200213 17:45:59.347"></status>
</kw>
<status status="PASS" starttime="20200213 17:45:58.847" endtime="20200213 17:45:59.348"></status>
</kw>
<kw name="Close All Browsers" library="SeleniumLibrary">
<doc>Closes all open browsers and resets the browser cache.</doc>
<status status="PASS" starttime="20200213 17:45:59.348" endtime="20200213 17:46:01.469"></status>
</kw>
<status status="PASS" starttime="20200213 17:45:58.847" endtime="20200213 17:46:01.470"></status>
</kw>
<status status="PASS" starttime="20200213 17:45:58.846" endtime="20200213 17:46:01.470"></status>
</kw>
<doc>Obtener valores de Excel DOS</doc>
<tags>
<tag>CasoUno</tag>
</tags>
<status status="PASS" starttime="20200213 17:45:42.419" endtime="20200213 17:46:01.471" critical="yes"></status>
</test>
<status status="PASS" starttime="20200213 17:45:42.244" endtime="20200213 17:46:01.475"></status>
</suite>
<statistics>
<total>
<stat pass="1" fail="0">Critical Tests</stat>
<stat pass="1" fail="0">All Tests</stat>
</total>
<tag>
<stat pass="1" fail="0">CasoUno</stat>
</tag>
<suite>
<stat pass="1" fail="0" id="s1" name="Cp001">Cp001</stat>
</suite>
</statistics>
<errors>
<msg timestamp="20200213 17:45:42.411" level="ERROR">Error in file 'C:\Test_jenkins3\Test\recursos.robot': Test library 'ReadData.py' does not exist.</msg>
</errors>
</robot>
